{
  "RSpec": {
    "coverage": {
      "G:/Downloads (HDD)/University/7th Semester/SERVICE ORIENTED SOFTWARE/ASSIGNMENTS/todos-api/spec/auth/authorize_api_request_spec.rb": [
        null,
        1,
        null,
        1,
        null,
        3,
        null,
        2,
        null,
        2,
        null,
        2,
        null,
        null,
        null,
        1,
        null,
        1,
        1,
        1,
        1,
        null,
        null,
        null,
        null,
        1,
        1,
        1,
        2,
        null,
        null,
        null,
        null,
        1,
        1,
        null,
        1,
        null,
        null,
        1,
        2,
        null,
        null,
        null,
        null,
        1,
        2,
        2,
        null,
        1,
        2,
        null,
        null,
        null,
        null,
        null,
        null,
        null,
        1,
        2,
        2,
        null,
        1,
        2,
        null,
        null,
        null,
        null,
        null,
        null,
        null,
        null,
        null
      ],
      "G:/Downloads (HDD)/University/7th Semester/SERVICE ORIENTED SOFTWARE/ASSIGNMENTS/todos-api/spec/rails_helper.rb": [
        null,
        1,
        1,
        null,
        1,
        1,
        1,
        null,
        1,
        null,
        null,
        null,
        null,
        null,
        null,
        null,
        null,
        null,
        null,
        null,
        null,
        null,
        null,
        3,
        null,
        null,
        null,
        1,
        null,
        1,
        1,
        1,
        1,
        null,
        null,
        null,
        1,
        null,
        1,
        null,
        null,
        null,
        null,
        1,
        null,
        1,
        null,
        1,
        1,
        1,
        null,
        null,
        1,
        5,
        5,
        null,
        null,
        null,
        null,
        null,
        null,
        null,
        null,
        null,
        null,
        null,
        null,
        null,
        null,
        null,
        1,
        null,
        null,
        1,
        1,
        null,
        null,
        1,
        null,
        null,
        null
      ],
      "G:/Downloads (HDD)/University/7th Semester/SERVICE ORIENTED SOFTWARE/ASSIGNMENTS/todos-api/config/environment.rb": [
        null,
        1,
        null,
        null,
        1
      ],
      "G:/Downloads (HDD)/University/7th Semester/SERVICE ORIENTED SOFTWARE/ASSIGNMENTS/todos-api/config/application.rb": [
        1,
        null,
        1,
        null,
        1,
        1,
        1,
        1,
        1,
        1,
        1,
        null,
        null,
        null,
        null,
        null,
        1,
        null,
        1,
        1,
        null,
        1,
        null,
        null,
        null,
        null,
        null,
        null,
        null,
        null,
        1,
        null,
        null
      ],
      "G:/Downloads (HDD)/University/7th Semester/SERVICE ORIENTED SOFTWARE/ASSIGNMENTS/todos-api/config/boot.rb": [
        1,
        null,
        1
      ],
      "G:/Downloads (HDD)/University/7th Semester/SERVICE ORIENTED SOFTWARE/ASSIGNMENTS/todos-api/config/environments/test.rb": [
        1,
        null,
        null,
        null,
        null,
        null,
        null,
        1,
        null,
        null,
        null,
        null,
        1,
        null,
        null,
        1,
        1,
        null,
        null,
        null,
        null,
        1,
        1,
        null,
        null,
        1,
        null,
        null,
        1,
        1,
        null,
        null,
        null,
        null,
        1,
        null,
        null,
        1,
        null,
        null,
        null,
        null
      ],
      "G:/Downloads (HDD)/University/7th Semester/SERVICE ORIENTED SOFTWARE/ASSIGNMENTS/todos-api/config/initializers/application_controller_renderer.rb": [
        null,
        null,
        null,
        null,
        null,
        null
      ],
      "G:/Downloads (HDD)/University/7th Semester/SERVICE ORIENTED SOFTWARE/ASSIGNMENTS/todos-api/config/initializers/backtrace_silencers.rb": [
        null,
        null,
        null,
        null,
        null,
        null,
        null
      ],
      "G:/Downloads (HDD)/University/7th Semester/SERVICE ORIENTED SOFTWARE/ASSIGNMENTS/todos-api/config/initializers/cors.rb": [
        null,
        null,
        null,
        null,
        null,
        null,
        null,
        null,
        null,
        null,
        null,
        null,
        null,
        null,
        null,
        null
      ],
      "G:/Downloads (HDD)/University/7th Semester/SERVICE ORIENTED SOFTWARE/ASSIGNMENTS/todos-api/config/initializers/filter_parameter_logging.rb": [
        null,
        null,
        null,
        1
      ],
      "G:/Downloads (HDD)/University/7th Semester/SERVICE ORIENTED SOFTWARE/ASSIGNMENTS/todos-api/config/initializers/inflections.rb": [
        null,
        null,
        null,
        null,
        null,
        null,
        null,
        null,
        null,
        null,
        null,
        null,
        null,
        null,
        null,
        null
      ],
      "G:/Downloads (HDD)/University/7th Semester/SERVICE ORIENTED SOFTWARE/ASSIGNMENTS/todos-api/config/initializers/mime_types.rb": [
        null,
        null,
        null,
        null
      ],
      "G:/Downloads (HDD)/University/7th Semester/SERVICE ORIENTED SOFTWARE/ASSIGNMENTS/todos-api/config/initializers/wrap_parameters.rb": [
        null,
        null,
        null,
        null,
        null,
        null,
        1,
        1,
        null,
        null,
        null,
        null,
        null,
        null
      ],
      "G:/Downloads (HDD)/University/7th Semester/SERVICE ORIENTED SOFTWARE/ASSIGNMENTS/todos-api/spec/factories/items.rb": [
        null,
        1,
        1,
        1,
        1,
        1,
        null,
        null
      ],
      "G:/Downloads (HDD)/University/7th Semester/SERVICE ORIENTED SOFTWARE/ASSIGNMENTS/todos-api/spec/factories/todos.rb": [
        1,
        1,
        1,
        1,
        null,
        null
      ],
      "G:/Downloads (HDD)/University/7th Semester/SERVICE ORIENTED SOFTWARE/ASSIGNMENTS/todos-api/spec/factories/users.rb": [
        null,
        1,
        1,
        3,
        1,
        1,
        null,
        null
      ],
      "G:/Downloads (HDD)/University/7th Semester/SERVICE ORIENTED SOFTWARE/ASSIGNMENTS/todos-api/config/routes.rb": [
        1,
        null,
        1,
        1,
        null,
        null
      ],
      "G:/Downloads (HDD)/University/7th Semester/SERVICE ORIENTED SOFTWARE/ASSIGNMENTS/todos-api/spec/support/controller_spec_helper.rb": [
        null,
        1,
        null,
        1,
        2,
        null,
        null,
        null,
        1,
        1,
        null,
        null,
        null,
        1,
        null,
        null,
        null,
        0,
        null,
        null,
        null,
        1,
        null,
        null,
        null,
        0,
        null,
        null
      ],
      "G:/Downloads (HDD)/University/7th Semester/SERVICE ORIENTED SOFTWARE/ASSIGNMENTS/todos-api/spec/support/request_spec_helper.rb": [
        null,
        1,
        null,
        1,
        0,
        null,
        null
      ],
      "G:/Downloads (HDD)/University/7th Semester/SERVICE ORIENTED SOFTWARE/ASSIGNMENTS/todos-api/app/auth/authorize_api_request.rb": [
        null,
        1,
        1,
        5,
        null,
        null,
        null,
        1,
        null,
        null,
        5,
        null,
        null,
        1,
        null,
        1,
        null,
        1,
        null,
        null,
        5,
        null,
        null,
        null,
        1,
        null,
        1,
        null,
        null,
        null,
        null,
        1,
        7,
        null,
        null,
        null,
        1,
        5,
        4,
        null,
        1,
        null,
        null
      ],
      "G:/Downloads (HDD)/University/7th Semester/SERVICE ORIENTED SOFTWARE/ASSIGNMENTS/todos-api/app/models/user.rb": [
        null,
        1,
        null,
        1,
        null,
        null,
        1,
        null,
        1,
        null
      ],
      "G:/Downloads (HDD)/University/7th Semester/SERVICE ORIENTED SOFTWARE/ASSIGNMENTS/todos-api/app/models/application_record.rb": [
        1,
        1,
        null
      ],
      "G:/Downloads (HDD)/University/7th Semester/SERVICE ORIENTED SOFTWARE/ASSIGNMENTS/todos-api/app/lib/json_web_token.rb": [
        null,
        1,
        null,
        1,
        null,
        1,
        null,
        3,
        null,
        3,
        null,
        null,
        1,
        null,
        4,
        2,
        null,
        null,
        null,
        2,
        null,
        null
      ],
      "G:/Downloads (HDD)/University/7th Semester/SERVICE ORIENTED SOFTWARE/ASSIGNMENTS/todos-api/app/controllers/concerns/exception_handler.rb": [
        1,
        1,
        null,
        null,
        1,
        1,
        1,
        null,
        1,
        null,
        0,
        0,
        0,
        0,
        null,
        0,
        0,
        null,
        null,
        null,
        1,
        null,
        null,
        1,
        0,
        null,
        null,
        null,
        1,
        0,
        null,
        null
      ],
      "G:/Downloads (HDD)/University/7th Semester/SERVICE ORIENTED SOFTWARE/ASSIGNMENTS/todos-api/app/lib/message.rb": [
        null,
        1,
        1,
        0,
        null,
        null,
        1,
        0,
        null,
        null,
        1,
        1,
        null,
        null,
        1,
        1,
        null,
        null,
        1,
        0,
        null,
        null,
        1,
        0,
        null,
        null,
        1,
        0,
        null,
        null,
        1,
        0,
        null,
        null
      ]
    },
    "timestamp": 1612282673
  }
}
