{
  "RSpec": {
    "coverage": {
      "G:/Downloads (HDD)/University/7th Semester/SERVICE ORIENTED SOFTWARE/ASSIGNMENTS/todos-api/spec/controllers/items_controller_spec.rb": [
        1,
        null,
        1,
        null,
        null
      ],
      "G:/Downloads (HDD)/University/7th Semester/SERVICE ORIENTED SOFTWARE/ASSIGNMENTS/todos-api/spec/rails_helper.rb": [
        null,
        1,
        1,
        null,
        1,
        1,
        1,
        null,
        1,
        null,
        null,
        null,
        null,
        null,
        null,
        null,
        null,
        null,
        null,
        null,
        null,
        null,
        null,
        2,
        null,
        null,
        null,
        1,
        null,
        1,
        1,
        1,
        1,
        null,
        null,
        null,
        1,
        null,
        1,
        null,
        null,
        null,
        null,
        1,
        null,
        1,
        null,
        1,
        1,
        1,
        null,
        null,
        1,
        34,
        34,
        null,
        null,
        null,
        null,
        null,
        null,
        null,
        null,
        null,
        null,
        null,
        null,
        null,
        null,
        null,
        1,
        null,
        1,
        null,
        null,
        1,
        null,
        null,
        null
      ],
      "G:/Downloads (HDD)/University/7th Semester/SERVICE ORIENTED SOFTWARE/ASSIGNMENTS/todos-api/config/environment.rb": [
        null,
        1,
        null,
        null,
        1
      ],
      "G:/Downloads (HDD)/University/7th Semester/SERVICE ORIENTED SOFTWARE/ASSIGNMENTS/todos-api/config/application.rb": [
        1,
        null,
        1,
        null,
        1,
        1,
        1,
        1,
        1,
        1,
        1,
        null,
        null,
        null,
        null,
        null,
        1,
        null,
        1,
        1,
        null,
        1,
        null,
        null,
        null,
        null,
        null,
        null,
        null,
        null,
        1,
        null,
        null
      ],
      "G:/Downloads (HDD)/University/7th Semester/SERVICE ORIENTED SOFTWARE/ASSIGNMENTS/todos-api/config/boot.rb": [
        1,
        null,
        1
      ],
      "G:/Downloads (HDD)/University/7th Semester/SERVICE ORIENTED SOFTWARE/ASSIGNMENTS/todos-api/config/environments/test.rb": [
        1,
        null,
        null,
        null,
        null,
        null,
        null,
        1,
        null,
        null,
        null,
        null,
        1,
        null,
        null,
        1,
        1,
        null,
        null,
        null,
        null,
        1,
        1,
        null,
        null,
        1,
        null,
        null,
        1,
        1,
        null,
        null,
        null,
        null,
        1,
        null,
        null,
        1,
        null,
        null,
        null,
        null
      ],
      "G:/Downloads (HDD)/University/7th Semester/SERVICE ORIENTED SOFTWARE/ASSIGNMENTS/todos-api/config/initializers/application_controller_renderer.rb": [
        null,
        null,
        null,
        null,
        null,
        null
      ],
      "G:/Downloads (HDD)/University/7th Semester/SERVICE ORIENTED SOFTWARE/ASSIGNMENTS/todos-api/config/initializers/backtrace_silencers.rb": [
        null,
        null,
        null,
        null,
        null,
        null,
        null
      ],
      "G:/Downloads (HDD)/University/7th Semester/SERVICE ORIENTED SOFTWARE/ASSIGNMENTS/todos-api/config/initializers/cors.rb": [
        null,
        null,
        null,
        null,
        null,
        null,
        null,
        null,
        null,
        null,
        null,
        null,
        null,
        null,
        null,
        null
      ],
      "G:/Downloads (HDD)/University/7th Semester/SERVICE ORIENTED SOFTWARE/ASSIGNMENTS/todos-api/config/initializers/filter_parameter_logging.rb": [
        null,
        null,
        null,
        1
      ],
      "G:/Downloads (HDD)/University/7th Semester/SERVICE ORIENTED SOFTWARE/ASSIGNMENTS/todos-api/config/initializers/inflections.rb": [
        null,
        null,
        null,
        null,
        null,
        null,
        null,
        null,
        null,
        null,
        null,
        null,
        null,
        null,
        null,
        null
      ],
      "G:/Downloads (HDD)/University/7th Semester/SERVICE ORIENTED SOFTWARE/ASSIGNMENTS/todos-api/config/initializers/mime_types.rb": [
        null,
        null,
        null,
        null
      ],
      "G:/Downloads (HDD)/University/7th Semester/SERVICE ORIENTED SOFTWARE/ASSIGNMENTS/todos-api/config/initializers/wrap_parameters.rb": [
        null,
        null,
        null,
        null,
        null,
        null,
        1,
        2,
        null,
        null,
        null,
        null,
        null,
        null
      ],
      "G:/Downloads (HDD)/University/7th Semester/SERVICE ORIENTED SOFTWARE/ASSIGNMENTS/todos-api/spec/factories/items.rb": [
        null,
        1,
        1,
        17,
        1,
        1,
        null,
        null
      ],
      "G:/Downloads (HDD)/University/7th Semester/SERVICE ORIENTED SOFTWARE/ASSIGNMENTS/todos-api/spec/factories/todos.rb": [
        1,
        1,
        147,
        147,
        null,
        null
      ],
      "G:/Downloads (HDD)/University/7th Semester/SERVICE ORIENTED SOFTWARE/ASSIGNMENTS/todos-api/config/routes.rb": [
        1,
        null,
        1,
        1,
        null,
        null
      ],
      "G:/Downloads (HDD)/University/7th Semester/SERVICE ORIENTED SOFTWARE/ASSIGNMENTS/todos-api/spec/support/request_spec_helper.rb": [
        null,
        1,
        null,
        1,
        5,
        null,
        null
      ],
      "G:/Downloads (HDD)/University/7th Semester/SERVICE ORIENTED SOFTWARE/ASSIGNMENTS/todos-api/app/controllers/items_controller.rb": [
        null,
        1,
        1,
        1,
        null,
        null,
        1,
        0,
        null,
        null,
        null,
        1,
        0,
        null,
        null,
        null,
        1,
        0,
        0,
        null,
        null,
        null,
        1,
        0,
        0,
        null,
        null,
        null,
        1,
        0,
        0,
        null,
        null,
        1,
        null,
        1,
        0,
        null,
        null,
        1,
        0,
        null,
        null,
        1,
        0,
        null,
        null
      ],
      "G:/Downloads (HDD)/University/7th Semester/SERVICE ORIENTED SOFTWARE/ASSIGNMENTS/todos-api/app/controllers/application_controller.rb": [
        null,
        1,
        1,
        1,
        null
      ],
      "G:/Downloads (HDD)/University/7th Semester/SERVICE ORIENTED SOFTWARE/ASSIGNMENTS/todos-api/app/controllers/concerns/response.rb": [
        null,
        1,
        1,
        10,
        null,
        null
      ],
      "G:/Downloads (HDD)/University/7th Semester/SERVICE ORIENTED SOFTWARE/ASSIGNMENTS/todos-api/app/controllers/concerns/exception_handler.rb": [
        1,
        1,
        null,
        1,
        1,
        null,
        1,
        2,
        null,
        null,
        null,
        1,
        null,
        1,
        2,
        null,
        null
      ],
      "G:/Downloads (HDD)/University/7th Semester/SERVICE ORIENTED SOFTWARE/ASSIGNMENTS/todos-api/spec/controllers/todos_controller_spec.rb": [
        1,
        null,
        1,
        null,
        null
      ],
      "G:/Downloads (HDD)/University/7th Semester/SERVICE ORIENTED SOFTWARE/ASSIGNMENTS/todos-api/app/controllers/todos_controller.rb": [
        null,
        1,
        1,
        null,
        null,
        1,
        2,
        2,
        null,
        null,
        null,
        1,
        4,
        2,
        null,
        null,
        null,
        1,
        2,
        null,
        null,
        null,
        1,
        2,
        2,
        null,
        null,
        null,
        1,
        1,
        1,
        null,
        null,
        1,
        null,
        1,
        null,
        6,
        null,
        null,
        1,
        7,
        null,
        null
      ],
      "G:/Downloads (HDD)/University/7th Semester/SERVICE ORIENTED SOFTWARE/ASSIGNMENTS/todos-api/spec/models/item_spec.rb": [
        null,
        1,
        null,
        null,
        1,
        null,
        null,
        2,
        null,
        null,
        2,
        null
      ],
      "G:/Downloads (HDD)/University/7th Semester/SERVICE ORIENTED SOFTWARE/ASSIGNMENTS/todos-api/app/models/item.rb": [
        null,
        1,
        null,
        1,
        null,
        null,
        1,
        null
      ],
      "G:/Downloads (HDD)/University/7th Semester/SERVICE ORIENTED SOFTWARE/ASSIGNMENTS/todos-api/app/models/application_record.rb": [
        1,
        1,
        null
      ],
      "G:/Downloads (HDD)/University/7th Semester/SERVICE ORIENTED SOFTWARE/ASSIGNMENTS/todos-api/spec/models/todo_spec.rb": [
        null,
        1,
        null,
        null,
        1,
        null,
        null,
        2,
        null,
        null,
        2,
        2,
        null
      ],
      "G:/Downloads (HDD)/University/7th Semester/SERVICE ORIENTED SOFTWARE/ASSIGNMENTS/todos-api/app/models/todo.rb": [
        null,
        1,
        null,
        1,
        null,
        null,
        1,
        null
      ],
      "G:/Downloads (HDD)/University/7th Semester/SERVICE ORIENTED SOFTWARE/ASSIGNMENTS/todos-api/spec/requests/items_spec.rb": [
        1,
        1,
        null,
        1,
        17,
        17,
        1,
        1,
        null,
        1,
        1,
        null,
        1,
        1,
        0,
        null,
        null,
        1,
        0,
        null,
        null,
        null,
        1,
        1,
        null,
        1,
        0,
        null,
        null,
        1,
        0,
        null,
        null,
        null,
        null,
        1,
        1,
        null,
        1,
        1,
        0,
        null,
        null,
        1,
        0,
        null,
        null,
        null,
        1,
        1,
        null,
        1,
        0,
        null,
        null,
        1,
        0,
        null,
        null,
        null,
        null,
        1,
        1,
        null,
        1,
        1,
        null,
        1,
        0,
        null,
        null,
        null,
        1,
        1,
        null,
        1,
        0,
        null,
        null,
        1,
        0,
        null,
        null,
        null,
        null,
        1,
        1,
        null,
        1,
        null,
        1,
        1,
        0,
        null,
        null,
        1,
        0,
        0,
        null,
        null,
        null,
        1,
        1,
        null,
        1,
        0,
        null,
        null,
        1,
        0,
        null,
        null,
        null,
        null,
        1,
        1,
        null,
        1,
        0,
        null,
        null,
        null
      ],
      "G:/Downloads (HDD)/University/7th Semester/SERVICE ORIENTED SOFTWARE/ASSIGNMENTS/todos-api/spec/requests/todos_spec.rb": [
        null,
        1,
        null,
        1,
        null,
        14,
        6,
        null,
        null,
        1,
        null,
        3,
        null,
        1,
        null,
        1,
        1,
        null,
        null,
        1,
        1,
        null,
        null,
        null,
        null,
        1,
        5,
        null,
        1,
        1,
        1,
        1,
        null,
        null,
        1,
        1,
        null,
        null,
        null,
        1,
        3,
        null,
        1,
        1,
        null,
        null,
        1,
        1,
        null,
        null,
        null,
        null,
        null,
        1,
        null,
        3,
        null,
        1,
        3,
        null,
        1,
        1,
        null,
        null,
        1,
        1,
        null,
        null,
        null,
        1,
        3,
        null,
        1,
        1,
        null,
        null,
        1,
        1,
        null,
        null,
        null,
        null,
        null,
        null,
        1,
        3,
        null,
        1,
        3,
        null,
        1,
        1,
        null,
        null,
        1,
        1,
        null,
        null,
        null,
        null,
        null,
        1,
        2,
        null,
        1,
        1,
        null,
        null,
        null
      ]
    },
    "timestamp": 1612224840
  }
}
